<?xml version="1.0" encoding="UTF-8"?>
<!-- Generated by org.testng.reporters.JUnitReportReporter -->
<testsuite hostname="INLEN8520044842" failures="0" tests="1" name="StoreRequests.PostPlaceOrder" time="3.255" errors="0" timestamp="2022-07-05T15:24:20 IST" skipped="0">
  <testcase classname="StoreRequests.PostPlaceOrder" name="OrderPlaced" time="3.255"/>
  <system-out/>
</testsuite> <!-- StoreRequests.PostPlaceOrder -->
