<?xml version="1.0" encoding="UTF-8"?>
<!-- Generated by org.testng.reporters.JUnitReportReporter -->
<testsuite hostname="INLEN8520044842" failures="0" tests="1" name="UserRequests.GetUserLogout" time="2.725" errors="0" timestamp="2022-07-05T13:25:35 IST" skipped="0">
  <testcase classname="UserRequests.GetUserLogout" name="getUserList" time="2.725"/>
  <system-out/>
</testsuite> <!-- UserRequests.GetUserLogout -->
