<?xml version="1.0" encoding="UTF-8"?>
<!-- Generated by org.testng.reporters.JUnitReportReporter -->
<testsuite hostname="INLEN8520044842" failures="0" tests="1" name="PetRequests.InvalidIdNegative" time="3.246" errors="0" timestamp="2022-07-04T17:54:24 IST" skipped="0">
  <testcase classname="PetRequests.InvalidIdNegative" name="getById" time="3.246"/>
  <system-out/>
</testsuite> <!-- PetRequests.InvalidIdNegative -->
