<?xml version="1.0" encoding="UTF-8"?>
<!-- Generated by org.testng.reporters.JUnitReportReporter -->
<testsuite hostname="INLEN8520044842" failures="0" tests="1" name="StoreRequests.GetFindOrderId" time="2.848" errors="0" timestamp="2022-07-05T13:07:43 IST" skipped="0">
  <testcase classname="StoreRequests.GetFindOrderId" name="getById" time="2.848"/>
  <system-out/>
</testsuite> <!-- StoreRequests.GetFindOrderId -->
