<?xml version="1.0" encoding="UTF-8"?>
<!-- Generated by org.testng.reporters.JUnitReportReporter -->
<testsuite hostname="INLEN8520044842" failures="0" tests="1" name="UserRequests.GetUserbyUsername" time="3.087" errors="0" timestamp="2022-07-05T13:23:50 IST" skipped="0">
  <testcase classname="UserRequests.GetUserbyUsername" name="getByusername" time="3.087"/>
  <system-out/>
</testsuite> <!-- UserRequests.GetUserbyUsername -->
