<?xml version="1.0" encoding="UTF-8"?>
<!-- Generated by org.testng.reporters.JUnitReportReporter -->
<testsuite hostname="INLEN8520044842" failures="0" tests="1" name="StoreRequests.OrderNotFoundNegative" time="2.901" errors="0" timestamp="2022-07-04T17:55:17 IST" skipped="0">
  <testcase classname="StoreRequests.OrderNotFoundNegative" name="getById" time="2.901"/>
  <system-out/>
</testsuite> <!-- StoreRequests.OrderNotFoundNegative -->
