<?xml version="1.0" encoding="UTF-8"?>
<!-- Generated by org.testng.reporters.JUnitReportReporter -->
<testsuite hostname="INLEN8520044842" failures="0" tests="1" name="PetRequests.PostUploadImage" time="4.107" errors="0" timestamp="2022-07-05T15:16:45 IST" skipped="0">
  <testcase classname="PetRequests.PostUploadImage" name="UploadImage" time="4.107"/>
  <system-out/>
</testsuite> <!-- PetRequests.PostUploadImage -->
