<?xml version="1.0" encoding="UTF-8"?>
<!-- Generated by org.testng.reporters.JUnitReportReporter -->
<testsuite hostname="INLEN8520044842" failures="0" tests="1" name="StoreRequests.DeletePurchase" time="2.609" errors="0" timestamp="2022-07-05T13:05:50 IST" skipped="0">
  <testcase classname="StoreRequests.DeletePurchase" name="delPurch" time="2.609"/>
  <system-out/>
</testsuite> <!-- StoreRequests.DeletePurchase -->
