<?xml version="1.0" encoding="UTF-8"?>
<!-- Generated by org.testng.reporters.JUnitReportReporter -->
<testsuite hostname="INLEN8520044842" failures="0" tests="1" name="PetRequests.PostAddPet" time="5.700" errors="0" timestamp="2022-07-05T16:42:37 IST" skipped="0">
  <testcase classname="PetRequests.PostAddPet" name="UpdateUser" time="5.700"/>
  <system-out/>
</testsuite> <!-- PetRequests.PostAddPet -->
