<?xml version="1.0" encoding="UTF-8"?>
<!-- Generated by org.testng.reporters.JUnitReportReporter -->
<testsuite hostname="INLEN8520044842" failures="0" tests="1" name="UserRequests.GetUserLogin" time="3.235" errors="0" timestamp="2022-07-05T13:25:05 IST" skipped="0">
  <testcase classname="UserRequests.GetUserLogin" name="LoginUser" time="3.235"/>
  <system-out/>
</testsuite> <!-- UserRequests.GetUserLogin -->
