<?xml version="1.0" encoding="UTF-8"?>
<!-- Generated by org.testng.reporters.JUnitReportReporter -->
<testsuite hostname="INLEN8520044842" failures="0" tests="1" name="PetRequests.DeletePet" time="2.570" errors="0" timestamp="2022-07-05T13:05:08 IST" skipped="0">
  <testcase classname="PetRequests.DeletePet" name="delPet" time="2.570"/>
  <system-out/>
</testsuite> <!-- PetRequests.DeletePet -->
