<?xml version="1.0" encoding="UTF-8"?>
<!-- Generated by org.testng.reporters.JUnitReportReporter -->
<testsuite hostname="INLEN8520044842" failures="0" tests="1" name="PetRequests.FindByStatusNegative" time="2.909" errors="0" timestamp="2022-07-04T17:52:06 IST" skipped="0">
  <testcase classname="PetRequests.FindByStatusNegative" name="getStatus" time="2.909"/>
  <system-out/>
</testsuite> <!-- PetRequests.FindByStatusNegative -->
