<?xml version="1.0" encoding="UTF-8"?>
<!-- Generated by org.testng.reporters.JUnitReportReporter -->
<testsuite hostname="INLEN8520044842" failures="0" tests="1" name="UserRequests.UsernameNotFoundNegative" time="2.905" errors="0" timestamp="2022-07-04T17:56:32 IST" skipped="0">
  <testcase classname="UserRequests.UsernameNotFoundNegative" name="getByusername" time="2.905"/>
  <system-out/>
</testsuite> <!-- UserRequests.UsernameNotFoundNegative -->
