<?xml version="1.0" encoding="UTF-8"?>
<!-- Generated by org.testng.reporters.JUnitReportReporter -->
<testsuite hostname="INLEN8520044842" failures="0" tests="1" name="UserRequests.PostCreateUser" time="6.930" errors="0" timestamp="2022-07-05T16:29:53 IST" skipped="0">
  <testcase classname="UserRequests.PostCreateUser" name="Update" time="6.930"/>
  <system-out/>
</testsuite> <!-- UserRequests.PostCreateUser -->
