<?xml version="1.0" encoding="UTF-8"?>
<!-- Generated by org.testng.reporters.JUnitReportReporter -->
<testsuite hostname="INLEN8520044842" failures="0" tests="1" name="UserRequests.PutUpdateUserdetails" time="2.687" errors="0" timestamp="2022-07-05T13:29:00 IST" skipped="0">
  <testcase classname="UserRequests.PutUpdateUserdetails" name="updateUser" time="2.687"/>
  <system-out/>
</testsuite> <!-- UserRequests.PutUpdateUserdetails -->
