<?xml version="1.0" encoding="UTF-8"?>
<!-- Generated by org.testng.reporters.JUnitReportReporter -->
<testsuite hostname="INLEN8520044842" failures="0" tests="1" name="PetRequests.UpdateFormData" time="5.255" errors="0" timestamp="2022-07-05T12:59:43 IST" skipped="0">
  <testcase classname="PetRequests.UpdateFormData" name="UpdateUser" time="5.255"/>
  <system-out/>
</testsuite> <!-- PetRequests.UpdateFormData -->
