<?xml version="1.0" encoding="UTF-8"?>
<!-- Generated by org.testng.reporters.JUnitReportReporter -->
<testsuite hostname="INLEN8520044842" failures="0" tests="1" name="PetRequests.PutUpdateExistingPet" time="5.246" errors="0" timestamp="2022-07-05T12:55:25 IST" skipped="0">
  <testcase classname="PetRequests.PutUpdateExistingPet" name="UpdateUser" time="5.246"/>
  <system-out/>
</testsuite> <!-- PetRequests.PutUpdateExistingPet -->
