<?xml version="1.0" encoding="UTF-8"?>
<!-- Generated by org.testng.reporters.JUnitReportReporter -->
<testsuite hostname="INLEN8520044842" failures="0" tests="1" name="StoreRequests.GetReturnspetInverntory" time="2.879" errors="0" timestamp="2022-07-05T13:09:33 IST" skipped="0">
  <testcase classname="StoreRequests.GetReturnspetInverntory" name="getReturn" time="2.879"/>
  <system-out/>
</testsuite> <!-- StoreRequests.GetReturnspetInverntory -->
