<?xml version="1.0" encoding="UTF-8"?>
<!-- Generated by org.testng.reporters.JUnitReportReporter -->
<testsuite hostname="INLEN8520044842" failures="0" tests="1" name="PetRequests.GetFindbyStatus" time="3.276" errors="0" timestamp="2022-07-05T10:18:02 IST" skipped="0">
  <testcase classname="PetRequests.GetFindbyStatus" name="getStatus" time="3.276"/>
  <system-out/>
</testsuite> <!-- PetRequests.GetFindbyStatus -->
