<?xml version="1.0" encoding="UTF-8"?>
<!-- Generated by org.testng.reporters.JUnitReportReporter -->
<testsuite hostname="INLEN8520044842" failures="0" tests="1" name="PetCART.TestCT" time="15.347" errors="0" timestamp="2022-07-06T23:39:08 IST" skipped="0">
  <testcase classname="PetCART.TestCT" name="test_Correct" time="15.347"/>
  <system-out/>
</testsuite> <!-- PetCART.TestCT -->
