<?xml version="1.0" encoding="UTF-8"?>
<!-- Generated by org.testng.reporters.JUnitReportReporter -->
<testsuite hostname="INLEN8520044842" failures="0" tests="1" name="PomLogin.TestAccount" time="5.722" errors="0" timestamp="2022-07-06T23:53:25 IST" skipped="0">
  <testcase classname="PomLogin.TestAccount" name="test_Home_Page_Appear_Correct" time="5.722"/>
  <system-out/>
</testsuite> <!-- PomLogin.TestAccount -->
