<?xml version="1.0" encoding="UTF-8"?>
<!-- Generated by org.testng.reporters.JUnitReportReporter -->
<testsuite hostname="INLEN8520044842" failures="0" tests="1" name="PomSearch.PomTestSearch" time="2.378" errors="0" timestamp="2022-07-06T23:41:19 IST" skipped="0">
  <testcase classname="PomSearch.PomTestSearch" name="Search_Pet_Page" time="2.378"/>
  <system-out/>
</testsuite> <!-- PomSearch.PomTestSearch -->
